TN:
SF:src/index.ts
FN:78,(anonymous_1)
FN:104,(anonymous_2)
FN:113,(anonymous_3)
FN:130,(anonymous_4)
FN:138,(anonymous_5)
FN:151,(anonymous_6)
FN:161,(anonymous_7)
FN:171,(anonymous_8)
FN:196,(anonymous_9)
FN:216,(anonymous_10)
FN:228,(anonymous_11)
FN:248,(anonymous_12)
FN:260,(anonymous_13)
FN:280,(anonymous_14)
FN:292,(anonymous_15)
FN:312,(anonymous_16)
FN:327,(anonymous_17)
FN:347,(anonymous_18)
FN:359,(anonymous_19)
FN:380,(anonymous_20)
FN:392,(anonymous_21)
FN:403,(anonymous_22)
FN:412,(anonymous_23)
FN:432,(anonymous_24)
FN:475,(anonymous_25)
FN:511,(anonymous_26)
FN:515,(anonymous_27)
FN:523,(anonymous_28)
FN:538,(anonymous_29)
FN:539,(anonymous_30)
FN:553,(anonymous_31)
FN:558,(anonymous_32)
FN:577,(anonymous_33)
FN:579,(anonymous_34)
FNF:34
FNH:0
FNDA:0,(anonymous_1)
FNDA:0,(anonymous_2)
FNDA:0,(anonymous_3)
FNDA:0,(anonymous_4)
FNDA:0,(anonymous_5)
FNDA:0,(anonymous_6)
FNDA:0,(anonymous_7)
FNDA:0,(anonymous_8)
FNDA:0,(anonymous_9)
FNDA:0,(anonymous_10)
FNDA:0,(anonymous_11)
FNDA:0,(anonymous_12)
FNDA:0,(anonymous_13)
FNDA:0,(anonymous_14)
FNDA:0,(anonymous_15)
FNDA:0,(anonymous_16)
FNDA:0,(anonymous_17)
FNDA:0,(anonymous_18)
FNDA:0,(anonymous_19)
FNDA:0,(anonymous_20)
FNDA:0,(anonymous_21)
FNDA:0,(anonymous_22)
FNDA:0,(anonymous_23)
FNDA:0,(anonymous_24)
FNDA:0,(anonymous_25)
FNDA:0,(anonymous_26)
FNDA:0,(anonymous_27)
FNDA:0,(anonymous_28)
FNDA:0,(anonymous_29)
FNDA:0,(anonymous_30)
FNDA:0,(anonymous_31)
FNDA:0,(anonymous_32)
FNDA:0,(anonymous_33)
FNDA:0,(anonymous_34)
DA:1,0
DA:2,0
DA:3,0
DA:4,0
DA:5,0
DA:6,0
DA:7,0
DA:8,0
DA:9,0
DA:10,0
DA:11,0
DA:12,0
DA:13,0
DA:14,0
DA:16,0
DA:18,0
DA:19,0
DA:20,0
DA:21,0
DA:24,0
DA:25,0
DA:26,0
DA:27,0
DA:28,0
DA:30,0
DA:33,0
DA:37,0
DA:38,0
DA:39,0
DA:40,0
DA:41,0
DA:44,0
DA:47,0
DA:50,0
DA:53,0
DA:70,0
DA:71,0
DA:74,0
DA:80,0
DA:81,0
DA:87,0
DA:93,0
DA:104,0
DA:105,0
DA:106,0
DA:108,0
DA:109,0
DA:110,0
DA:113,0
DA:114,0
DA:115,0
DA:116,0
DA:119,0
DA:120,0
DA:125,0
DA:130,0
DA:131,0
DA:132,0
DA:134,0
DA:135,0
DA:138,0
DA:139,0
DA:140,0
DA:146,0
DA:151,0
DA:152,0
DA:153,0
DA:154,0
DA:156,0
DA:161,0
DA:162,0
DA:171,0
DA:172,0
DA:188,0
DA:197,0
DA:198,0
DA:207,0
DA:218,0
DA:219,0
DA:222,0
DA:223,0
DA:224,0
DA:225,0
DA:229,0
DA:230,0
DA:239,0
DA:250,0
DA:251,0
DA:254,0
DA:255,0
DA:256,0
DA:257,0
DA:261,0
DA:262,0
DA:271,0
DA:282,0
DA:283,0
DA:286,0
DA:287,0
DA:288,0
DA:289,0
DA:293,0
DA:294,0
DA:303,0
DA:314,0
DA:315,0
DA:318,0
DA:319,0
DA:320,0
DA:321,0
DA:324,0
DA:328,0
DA:329,0
DA:338,0
DA:349,0
DA:350,0
DA:353,0
DA:354,0
DA:355,0
DA:356,0
DA:360,0
DA:361,0
DA:370,0
DA:371,0
DA:382,0
DA:383,0
DA:386,0
DA:387,0
DA:388,0
DA:389,0
DA:393,0
DA:394,0
DA:403,0
DA:404,0
DA:405,0
DA:412,0
DA:413,0
DA:420,0
DA:423,0
DA:432,0
DA:433,0
DA:436,0
DA:437,0
DA:439,0
DA:440,0
DA:441,0
DA:442,0
DA:443,0
DA:447,0
DA:448,0
DA:449,0
DA:450,0
DA:451,0
DA:452,0
DA:455,0
DA:456,0
DA:458,0
DA:464,0
DA:473,0
DA:475,0
DA:476,0
DA:477,0
DA:478,0
DA:479,0
DA:486,0
DA:495,0
DA:497,0
DA:501,0
DA:507,0
DA:511,0
DA:512,0
DA:515,0
DA:516,0
DA:517,0
DA:523,0
DA:524,0
DA:531,0
DA:532,0
DA:533,0
DA:538,0
DA:539,0
DA:540,0
DA:541,0
DA:545,0
DA:548,0
DA:549,0
DA:553,0
DA:554,0
DA:558,0
DA:559,0
DA:560,0
DA:561,0
DA:562,0
DA:563,0
DA:564,0
DA:565,0
DA:566,0
DA:567,0
DA:568,0
DA:569,0
DA:570,0
DA:571,0
DA:572,0
DA:573,0
DA:577,0
DA:578,0
DA:579,0
DA:580,0
DA:581,0
LF:209
LH:0
BRDA:19,0,0,0
BRDA:19,0,1,0
BRDA:20,1,0,0
BRDA:20,1,1,0
BRDA:21,2,0,0
BRDA:21,2,1,0
BRDA:26,3,0,0
BRDA:26,3,1,0
BRDA:37,4,0,0
BRDA:37,4,1,0
BRDA:38,5,0,0
BRDA:38,5,1,0
BRDA:39,6,0,0
BRDA:39,6,1,0
BRDA:40,7,0,0
BRDA:40,7,1,0
BRDA:41,8,0,0
BRDA:41,8,1,0
BRDA:106,9,0,0
BRDA:106,9,1,0
BRDA:108,10,0,0
BRDA:114,11,0,0
BRDA:132,12,0,0
BRDA:132,12,1,0
BRDA:134,13,0,0
BRDA:139,14,0,0
BRDA:139,15,0,0
BRDA:139,15,1,0
BRDA:218,16,0,0
BRDA:222,17,0,0
BRDA:250,18,0,0
BRDA:254,19,0,0
BRDA:282,20,0,0
BRDA:286,21,0,0
BRDA:314,22,0,0
BRDA:318,23,0,0
BRDA:349,24,0,0
BRDA:353,25,0,0
BRDA:370,26,0,0
BRDA:370,26,1,0
BRDA:382,27,0,0
BRDA:386,28,0,0
BRDA:407,29,0,0
BRDA:407,29,1,0
BRDA:436,30,0,0
BRDA:436,30,1,0
BRDA:437,31,0,0
BRDA:437,31,1,0
BRDA:439,32,0,0
BRDA:540,33,0,0
BRF:50
BRH:0
end_of_record
TN:
SF:src/logger.ts
FN:36,createContextLogger
FN:43,createRequestLogger
FNF:2
FNH:0
FNDA:0,createContextLogger
FNDA:0,createRequestLogger
DA:4,0
DA:6,0
DA:7,0
DA:10,0
DA:36,0
DA:37,0
DA:43,0
DA:44,0
LF:8
LH:0
BRDA:6,0,0,0
BRDA:6,0,1,0
BRDA:7,1,0,0
BRDA:7,1,1,0
BRDA:23,2,0,0
BRDA:23,2,1,0
BRF:6
BRH:0
end_of_record
TN:
SF:src/metrics.ts
FNF:0
FNH:0
DA:4,0
DA:7,0
DA:10,0
DA:13,0
DA:21,0
DA:30,0
DA:38,0
DA:44,0
DA:51,0
DA:59,0
DA:66,0
DA:74,0
LF:12
LH:0
BRF:0
BRH:0
end_of_record
TN:
SF:src/middleware/auth.ts
FN:21,(anonymous_1)
FN:102,(anonymous_2)
FNF:2
FNH:1
FNDA:14,(anonymous_1)
FNDA:0,(anonymous_2)
DA:6,1
DA:21,1
DA:22,14
DA:23,14
DA:25,14
DA:26,2
DA:30,2
DA:34,12
DA:36,12
DA:37,2
DA:41,2
DA:44,10
DA:46,10
DA:47,0
DA:51,0
DA:54,10
DA:55,10
DA:57,4
DA:64,4
DA:66,6
DA:67,1
DA:71,1
DA:74,5
DA:76,5
DA:77,0
DA:81,0
DA:84,5
DA:88,5
DA:91,0
DA:102,1
DA:103,0
DA:104,0
DA:106,0
DA:107,0
DA:110,0
DA:112,0
DA:113,0
DA:116,0
DA:118,0
DA:119,0
DA:121,0
DA:131,0
LF:42
LH:25
BRDA:22,0,0,14
BRDA:22,0,1,0
BRDA:25,1,0,2
BRDA:36,2,0,2
BRDA:36,3,0,12
BRDA:36,3,1,11
BRDA:46,4,0,0
BRDA:58,5,0,4
BRDA:58,5,1,1
BRDA:58,5,2,1
BRDA:59,6,0,4
BRDA:59,6,1,1
BRDA:60,7,0,4
BRDA:60,7,1,2
BRDA:61,8,0,4
BRDA:61,8,1,1
BRDA:66,9,0,1
BRDA:74,10,0,5
BRDA:76,11,0,0
BRDA:76,12,0,5
BRDA:76,12,1,5
BRDA:103,13,0,0
BRDA:103,13,1,0
BRDA:106,14,0,0
BRDA:112,15,0,0
BRDA:112,16,0,0
BRDA:112,16,1,0
BRDA:122,17,0,0
BRDA:122,17,1,0
BRDA:122,17,2,0
BRDA:123,18,0,0
BRDA:123,18,1,0
BRDA:124,19,0,0
BRDA:124,19,1,0
BRDA:125,20,0,0
BRDA:125,20,1,0
BRF:36
BRH:18
end_of_record
TN:
SF:src/middleware/correlation-id.ts
FN:15,correlationIdMiddleware
FNF:1
FNH:0
FNDA:0,correlationIdMiddleware
DA:5,0
DA:15,0
DA:17,0
DA:20,0
DA:23,0
DA:25,0
LF:6
LH:0
BRDA:17,0,0,0
BRDA:17,0,1,0
BRF:2
BRH:0
end_of_record
TN:
SF:src/middleware/metrics-middleware.ts
FN:14,metricsMiddleware
FN:19,(anonymous_1)
FN:44,getRoutePattern
FNF:3
FNH:0
FNDA:0,metricsMiddleware
FNDA:0,(anonymous_1)
FNDA:0,getRoutePattern
DA:5,0
DA:14,0
DA:16,0
DA:19,0
DA:20,0
DA:21,0
DA:24,0
DA:31,0
DA:37,0
DA:46,0
LF:10
LH:0
BRDA:20,0,0,0
BRDA:20,0,1,0
BRF:2
BRH:0
end_of_record
TN:
SF:src/middleware/rate-limit.ts
FN:21,(anonymous_0)
FN:23,(anonymous_1)
FN:39,(anonymous_2)
FNF:3
FNH:1
FNDA:0,(anonymous_0)
FNDA:0,(anonymous_1)
FNDA:304,(anonymous_2)
DA:14,1
DA:15,1
DA:16,1
DA:21,1
DA:22,0
DA:23,0
DA:24,0
DA:25,0
DA:31,1
DA:32,1
DA:33,1
DA:39,1
DA:40,304
DA:41,304
DA:44,304
DA:45,3
DA:51,304
DA:54,304
DA:55,0
DA:56,0
DA:60,304
DA:63,304
DA:64,304
DA:67,304
DA:68,202
DA:69,202
DA:71,202
DA:76,202
DA:79,102
LF:29
LH:23
BRDA:24,0,0,0
BRDA:32,1,0,1
BRDA:40,2,0,304
BRDA:40,2,1,0
BRDA:44,3,0,3
BRDA:54,4,0,0
BRDA:67,5,0,202
BRF:7
BRH:4
end_of_record
TN:
SF:src/middleware/service-auth.ts
FN:26,(anonymous_1)
FN:91,(anonymous_2)
FNF:2
FNH:2
FNDA:15,(anonymous_1)
FNDA:14,(anonymous_2)
DA:2,1
DA:26,1
DA:27,15
DA:28,15
DA:30,15
DA:31,2
DA:37,13
DA:38,0
DA:39,0
DA:45,13
DA:46,13
DA:49,8
DA:50,1
DA:57,7
DA:63,7
DA:65,7
DA:67,5
DA:68,1
DA:72,4
DA:73,4
DA:79,0
DA:80,0
DA:91,1
DA:92,14
DA:94,14
DA:95,1
DA:98,13
DA:105,13
LF:28
LH:24
BRDA:27,0,0,15
BRDA:27,0,1,0
BRDA:30,1,0,2
BRDA:37,2,0,0
BRDA:49,3,0,1
BRDA:67,4,0,1
BRDA:67,4,1,4
BRDA:72,5,0,4
BRDA:92,6,0,14
BRDA:92,6,1,1
BRDA:94,7,0,1
BRF:11
BRH:9
end_of_record
